AH00558: apache2: Could not reliably determine the server's fully qualified domain name, using 172.23.0.3. Set the 'ServerName' directive globally to suppress this message
[Sat Oct 09 10:52:40.287239 2021] [dbd:error] [pid 18] (20014)Internal error (specific information not available): AH00629: Can't connect to mysql: Can't connect to MySQL server on 'db' (115)
[Sat Oct 09 10:52:40.287979 2021] [dbd:error] [pid 18] (20014)Internal error (specific information not available): AH00633: failed to initialise
[Sat Oct 09 10:52:40.288559 2021] [dbd:crit] [pid 18] (20014)Internal error (specific information not available): AH00636: child init failed!
[Sat Oct 09 10:52:40.287242 2021] [dbd:error] [pid 17] (20014)Internal error (specific information not available): AH00629: Can't connect to mysql: Can't connect to MySQL server on 'db' (115)
[Sat Oct 09 10:52:40.289826 2021] [dbd:error] [pid 17] (20014)Internal error (specific information not available): AH00633: failed to initialise
[Sat Oct 09 10:52:40.287412 2021] [mpm_prefork:notice] [pid 1] AH00163: Apache/2.4.38 (Debian) PHP/7.2.34 configured -- resuming normal operations
[Sat Oct 09 10:52:40.291328 2021] [core:notice] [pid 1] AH00094: Command line: 'apache2 -D FOREGROUND'
[Sat Oct 09 10:52:40.288095 2021] [dbd:error] [pid 20] (20014)Internal error (specific information not available): AH00629: Can't connect to mysql: Can't connect to MySQL server on 'db' (115)
[Sat Oct 09 10:52:40.292525 2021] [dbd:error] [pid 20] (20014)Internal error (specific information not available): AH00633: failed to initialise
[Sat Oct 09 10:52:40.288573 2021] [dbd:error] [pid 21] (20014)Internal error (specific information not available): AH00629: Can't connect to mysql: Can't connect to MySQL server on 'db' (115)
[Sat Oct 09 10:52:40.290521 2021] [dbd:crit] [pid 17] (20014)Internal error (specific information not available): AH00636: child init failed!
[Sat Oct 09 10:52:40.292902 2021] [dbd:crit] [pid 20] (20014)Internal error (specific information not available): AH00636: child init failed!
[Sat Oct 09 10:52:40.293475 2021] [dbd:error] [pid 21] (20014)Internal error (specific information not available): AH00633: failed to initialise
[Sat Oct 09 10:52:40.295204 2021] [dbd:crit] [pid 21] (20014)Internal error (specific information not available): AH00636: child init failed!
[Sat Oct 09 10:52:45.346121 2021] [dbd:error] [pid 19] (20014)Internal error (specific information not available): AH00632: failed to prepare SQL statements: execute command denied to user 'user'@'%' for routine 'appDB.ENCRYPTED'
[Sat Oct 09 10:52:45.348838 2021] [dbd:error] [pid 19] (20014)Internal error (specific information not available): AH00633: failed to initialise
[Sat Oct 09 10:52:45.350806 2021] [dbd:crit] [pid 19] (20014)Internal error (specific information not available): AH00636: child init failed!
[Sat Oct 09 10:53:08.242570 2021] [dbd:error] [pid 17] (20014)Internal error (specific information not available): AH00632: failed to prepare SQL statements: execute command denied to user 'user'@'%' for routine 'appDB.ENCRYPTED'
[Sat Oct 09 10:53:08.244731 2021] [dbd:error] [pid 17] (20014)Internal error (specific information not available): AH00633: failed to initialise
[Sat Oct 09 10:53:08.246919 2021] [authn_dbd:error] [pid 17] [client 172.23.0.4:56602] AH01653: Failed to acquire database connection to look up user 'user', referer: http://localhost/
[Sat Oct 09 10:56:05.519667 2021] [mpm_prefork:notice] [pid 1] AH00170: caught SIGWINCH, shutting down gracefully
AH00558: apache2: Could not reliably determine the server's fully qualified domain name, using 172.23.0.3. Set the 'ServerName' directive globally to suppress this message
[Sat Oct 09 10:56:28.167387 2021] [dbd:error] [pid 17] (20014)Internal error (specific information not available): AH00629: Can't connect to mysql: Can't connect to MySQL server on 'db' (115)
[Sat Oct 09 10:56:28.168770 2021] [dbd:error] [pid 17] (20014)Internal error (specific information not available): AH00633: failed to initialise
[Sat Oct 09 10:56:28.167399 2021] [mpm_prefork:notice] [pid 1] AH00163: Apache/2.4.38 (Debian) PHP/7.2.34 configured -- resuming normal operations
[Sat Oct 09 10:56:28.173214 2021] [core:notice] [pid 1] AH00094: Command line: 'apache2 -D FOREGROUND'
[Sat Oct 09 10:56:28.168496 2021] [dbd:error] [pid 21] (20014)Internal error (specific information not available): AH00629: Can't connect to mysql: Can't connect to MySQL server on 'db' (115)
[Sat Oct 09 10:56:28.176881 2021] [dbd:error] [pid 21] (20014)Internal error (specific information not available): AH00633: failed to initialise
[Sat Oct 09 10:56:28.169626 2021] [dbd:error] [pid 20] (20014)Internal error (specific information not available): AH00629: Can't connect to mysql: Can't connect to MySQL server on 'db' (115)
[Sat Oct 09 10:56:28.170707 2021] [dbd:crit] [pid 17] (20014)Internal error (specific information not available): AH00636: child init failed!
[Sat Oct 09 10:56:28.178358 2021] [dbd:crit] [pid 21] (20014)Internal error (specific information not available): AH00636: child init failed!
[Sat Oct 09 10:56:28.179635 2021] [dbd:error] [pid 20] (20014)Internal error (specific information not available): AH00633: failed to initialise
[Sat Oct 09 10:56:28.182092 2021] [dbd:crit] [pid 20] (20014)Internal error (specific information not available): AH00636: child init failed!
[Sat Oct 09 10:56:54.566704 2021] [auth_basic:error] [pid 21] [client 172.23.0.4:56640] AH01617: user user: authentication failure for "/protected/staff.php": Password Mismatch, referer: http://localhost/
[Sat Oct 09 10:57:58.056429 2021] [mpm_prefork:notice] [pid 1] AH00170: caught SIGWINCH, shutting down gracefully
AH00558: apache2: Could not reliably determine the server's fully qualified domain name, using 172.25.0.3. Set the 'ServerName' directive globally to suppress this message
[Sat Oct 09 12:21:44.168742 2021] [mpm_prefork:notice] [pid 1] AH00163: Apache/2.4.38 (Debian) PHP/7.2.34 configured -- resuming normal operations
[Sat Oct 09 12:21:44.170250 2021] [dbd:error] [pid 18] (20014)Internal error (specific information not available): AH00629: Can't connect to mysql: Can't connect to MySQL server on 'db' (115)
[Sat Oct 09 12:21:44.173863 2021] [dbd:error] [pid 18] (20014)Internal error (specific information not available): AH00633: failed to initialise
[Sat Oct 09 12:21:44.171664 2021] [core:notice] [pid 1] AH00094: Command line: 'apache2 -D FOREGROUND'
[Sat Oct 09 12:21:44.172508 2021] [dbd:error] [pid 22] (20014)Internal error (specific information not available): AH00629: Can't connect to mysql: Can't connect to MySQL server on 'db' (115)
[Sat Oct 09 12:21:44.175316 2021] [dbd:crit] [pid 18] (20014)Internal error (specific information not available): AH00636: child init failed!
[Sat Oct 09 12:21:44.182845 2021] [dbd:error] [pid 22] (20014)Internal error (specific information not available): AH00633: failed to initialise
[Sat Oct 09 12:21:44.186550 2021] [dbd:crit] [pid 22] (20014)Internal error (specific information not available): AH00636: child init failed!
[Sat Oct 09 12:22:07.731492 2021] [auth_basic:error] [pid 19] [client 172.25.0.4:59604] AH01617: user user: authentication failure for "/protected/staff.php": Password Mismatch, referer: http://localhost/
[Sat Oct 09 12:23:42.891090 2021] [mpm_prefork:notice] [pid 1] AH00170: caught SIGWINCH, shutting down gracefully
AH00558: apache2: Could not reliably determine the server's fully qualified domain name, using 172.25.0.3. Set the 'ServerName' directive globally to suppress this message
[Sat Oct 09 12:23:49.025951 2021] [dbd:error] [pid 20] (20014)Internal error (specific information not available): AH00629: Can't connect to mysql: Can't connect to MySQL server on 'db' (115)
[Sat Oct 09 12:23:49.025950 2021] [dbd:error] [pid 19] (20014)Internal error (specific information not available): AH00629: Can't connect to mysql: Can't connect to MySQL server on 'db' (115)
[Sat Oct 09 12:23:49.027692 2021] [dbd:error] [pid 19] (20014)Internal error (specific information not available): AH00633: failed to initialise
[Sat Oct 09 12:23:49.026192 2021] [mpm_prefork:notice] [pid 1] AH00163: Apache/2.4.38 (Debian) PHP/7.2.34 configured -- resuming normal operations
[Sat Oct 09 12:23:49.029725 2021] [core:notice] [pid 1] AH00094: Command line: 'apache2 -D FOREGROUND'
[Sat Oct 09 12:23:49.026691 2021] [dbd:error] [pid 20] (20014)Internal error (specific information not available): AH00633: failed to initialise
[Sat Oct 09 12:23:49.030832 2021] [dbd:crit] [pid 20] (20014)Internal error (specific information not available): AH00636: child init failed!
[Sat Oct 09 12:23:49.027231 2021] [dbd:error] [pid 21] (20014)Internal error (specific information not available): AH00629: Can't connect to mysql: Can't connect to MySQL server on 'db' (115)
[Sat Oct 09 12:23:49.028408 2021] [dbd:crit] [pid 19] (20014)Internal error (specific information not available): AH00636: child init failed!
[Sat Oct 09 12:23:49.031850 2021] [dbd:error] [pid 21] (20014)Internal error (specific information not available): AH00633: failed to initialise
[Sat Oct 09 12:23:49.033184 2021] [dbd:crit] [pid 21] (20014)Internal error (specific information not available): AH00636: child init failed!
[Sat Oct 09 12:28:40.117268 2021] [mpm_prefork:notice] [pid 1] AH00170: caught SIGWINCH, shutting down gracefully
AH00558: apache2: Could not reliably determine the server's fully qualified domain name, using 172.19.0.3. Set the 'ServerName' directive globally to suppress this message
[Thu Nov 04 19:11:47.465976 2021] [mpm_prefork:notice] [pid 1] AH00163: Apache/2.4.38 (Debian) PHP/7.2.34 configured -- resuming normal operations
[Thu Nov 04 19:11:47.466748 2021] [core:notice] [pid 1] AH00094: Command line: 'apache2 -D FOREGROUND'
[Thu Nov 04 19:11:47.466802 2021] [dbd:error] [pid 21] (20014)Internal error (specific information not available): AH00629: Can't connect to mysql: Can't connect to MySQL server on 'db' (115)
[Thu Nov 04 19:11:47.468033 2021] [dbd:error] [pid 21] (20014)Internal error (specific information not available): AH00633: failed to initialise
[Thu Nov 04 19:11:47.466821 2021] [dbd:error] [pid 19] (20014)Internal error (specific information not available): AH00629: Can't connect to mysql: Can't connect to MySQL server on 'db' (115)
[Thu Nov 04 19:11:47.469858 2021] [dbd:error] [pid 19] (20014)Internal error (specific information not available): AH00633: failed to initialise
[Thu Nov 04 19:11:47.467571 2021] [dbd:error] [pid 20] (20014)Internal error (specific information not available): AH00629: Can't connect to mysql: Can't connect to MySQL server on 'db' (115)
[Thu Nov 04 19:11:47.468823 2021] [dbd:crit] [pid 21] (20014)Internal error (specific information not available): AH00636: child init failed!
[Thu Nov 04 19:11:47.470561 2021] [dbd:crit] [pid 19] (20014)Internal error (specific information not available): AH00636: child init failed!
[Thu Nov 04 19:11:47.471392 2021] [dbd:error] [pid 20] (20014)Internal error (specific information not available): AH00633: failed to initialise
[Thu Nov 04 19:11:47.473313 2021] [dbd:crit] [pid 20] (20014)Internal error (specific information not available): AH00636: child init failed!
[Thu Nov 04 19:11:52.473444 2021] [dbd:error] [pid 22] (20014)Internal error (specific information not available): AH00629: Can't connect to mysql: Can't connect to MySQL server on 'db' (115)
[Thu Nov 04 19:11:52.474481 2021] [dbd:error] [pid 22] (20014)Internal error (specific information not available): AH00633: failed to initialise
[Thu Nov 04 19:11:52.473454 2021] [dbd:error] [pid 18] (20014)Internal error (specific information not available): AH00629: Can't connect to mysql: Can't connect to MySQL server on 'db' (115)
[Thu Nov 04 19:11:52.475861 2021] [dbd:error] [pid 18] (20014)Internal error (specific information not available): AH00633: failed to initialise
[Thu Nov 04 19:11:52.475239 2021] [dbd:crit] [pid 22] (20014)Internal error (specific information not available): AH00636: child init failed!
[Thu Nov 04 19:11:52.476566 2021] [dbd:crit] [pid 18] (20014)Internal error (specific information not available): AH00636: child init failed!
[Thu Nov 04 19:17:53.968768 2021] [mpm_prefork:notice] [pid 1] AH00170: caught SIGWINCH, shutting down gracefully
AH00558: apache2: Could not reliably determine the server's fully qualified domain name, using 172.19.0.3. Set the 'ServerName' directive globally to suppress this message
[Thu Nov 04 19:17:57.249301 2021] [mpm_prefork:notice] [pid 1] AH00163: Apache/2.4.38 (Debian) PHP/7.2.34 configured -- resuming normal operations
[Thu Nov 04 19:17:57.249478 2021] [dbd:error] [pid 21] (20014)Internal error (specific information not available): AH00629: Can't connect to mysql: Can't connect to MySQL server on 'db' (115)
[Thu Nov 04 19:17:57.250789 2021] [dbd:error] [pid 21] (20014)Internal error (specific information not available): AH00633: failed to initialise
[Thu Nov 04 19:17:57.250208 2021] [core:notice] [pid 1] AH00094: Command line: 'apache2 -D FOREGROUND'
[Thu Nov 04 19:17:57.251360 2021] [dbd:crit] [pid 21] (20014)Internal error (specific information not available): AH00636: child init failed!
[Thu Nov 04 19:24:03.835574 2021] [mpm_prefork:notice] [pid 1] AH00170: caught SIGWINCH, shutting down gracefully
AH00558: apache2: Could not reliably determine the server's fully qualified domain name, using 172.19.0.3. Set the 'ServerName' directive globally to suppress this message
[Thu Nov 04 19:24:39.054798 2021] [mpm_prefork:notice] [pid 1] AH00163: Apache/2.4.38 (Debian) PHP/7.2.34 configured -- resuming normal operations
[Thu Nov 04 19:24:39.055552 2021] [core:notice] [pid 1] AH00094: Command line: 'apache2 -D FOREGROUND'
[Thu Nov 04 19:24:39.055924 2021] [dbd:error] [pid 20] (20014)Internal error (specific information not available): AH00629: Can't connect to mysql: Can't connect to MySQL server on 'db' (115)
[Thu Nov 04 19:24:39.057570 2021] [dbd:error] [pid 20] (20014)Internal error (specific information not available): AH00633: failed to initialise
[Thu Nov 04 19:24:39.056122 2021] [dbd:error] [pid 19] (20014)Internal error (specific information not available): AH00629: Can't connect to mysql: Can't connect to MySQL server on 'db' (115)
[Thu Nov 04 19:24:39.059632 2021] [dbd:error] [pid 19] (20014)Internal error (specific information not available): AH00633: failed to initialise
[Thu Nov 04 19:24:39.056371 2021] [dbd:error] [pid 21] (20014)Internal error (specific information not available): AH00629: Can't connect to mysql: Can't connect to MySQL server on 'db' (115)
[Thu Nov 04 19:24:39.058258 2021] [dbd:crit] [pid 20] (20014)Internal error (specific information not available): AH00636: child init failed!
[Thu Nov 04 19:24:39.060656 2021] [dbd:crit] [pid 19] (20014)Internal error (specific information not available): AH00636: child init failed!
[Thu Nov 04 19:24:39.062408 2021] [dbd:error] [pid 21] (20014)Internal error (specific information not available): AH00633: failed to initialise
[Thu Nov 04 19:24:39.064852 2021] [dbd:crit] [pid 21] (20014)Internal error (specific information not available): AH00636: child init failed!
[Thu Nov 04 19:25:50.271088 2021] [mpm_prefork:notice] [pid 1] AH00170: caught SIGWINCH, shutting down gracefully
AH00558: apache2: Could not reliably determine the server's fully qualified domain name, using 172.19.0.3. Set the 'ServerName' directive globally to suppress this message
[Thu Nov 04 19:25:56.003798 2021] [mpm_prefork:notice] [pid 1] AH00163: Apache/2.4.38 (Debian) PHP/7.2.34 configured -- resuming normal operations
[Thu Nov 04 19:25:56.005743 2021] [core:notice] [pid 1] AH00094: Command line: 'apache2 -D FOREGROUND'
[Thu Nov 04 19:25:56.004041 2021] [dbd:error] [pid 18] (20014)Internal error (specific information not available): AH00629: Can't connect to mysql: Can't connect to MySQL server on 'db' (115)
[Thu Nov 04 19:25:56.008469 2021] [dbd:error] [pid 18] (20014)Internal error (specific information not available): AH00633: failed to initialise
[Thu Nov 04 19:25:56.005813 2021] [dbd:error] [pid 20] (20014)Internal error (specific information not available): AH00629: Can't connect to mysql: Can't connect to MySQL server on 'db' (115)
[Thu Nov 04 19:25:56.009783 2021] [dbd:error] [pid 20] (20014)Internal error (specific information not available): AH00633: failed to initialise
[Thu Nov 04 19:25:56.009205 2021] [dbd:crit] [pid 18] (20014)Internal error (specific information not available): AH00636: child init failed!
[Thu Nov 04 19:25:56.010964 2021] [dbd:crit] [pid 20] (20014)Internal error (specific information not available): AH00636: child init failed!
[Thu Nov 04 19:28:25.124083 2021] [mpm_prefork:notice] [pid 1] AH00170: caught SIGWINCH, shutting down gracefully
AH00558: apache2: Could not reliably determine the server's fully qualified domain name, using 172.19.0.3. Set the 'ServerName' directive globally to suppress this message
[Thu Nov 04 19:28:34.206344 2021] [dbd:error] [pid 18] (20014)Internal error (specific information not available): AH00629: Can't connect to mysql: Can't connect to MySQL server on 'db' (115)
[Thu Nov 04 19:28:34.207378 2021] [dbd:error] [pid 18] (20014)Internal error (specific information not available): AH00633: failed to initialise
[Thu Nov 04 19:28:34.206386 2021] [mpm_prefork:notice] [pid 1] AH00163: Apache/2.4.38 (Debian) PHP/7.2.34 configured -- resuming normal operations
[Thu Nov 04 19:28:34.208930 2021] [core:notice] [pid 1] AH00094: Command line: 'apache2 -D FOREGROUND'
[Thu Nov 04 19:28:34.208058 2021] [dbd:crit] [pid 18] (20014)Internal error (specific information not available): AH00636: child init failed!
[Thu Nov 04 19:28:56.155615 2021] [mpm_prefork:notice] [pid 1] AH00170: caught SIGWINCH, shutting down gracefully
AH00558: apache2: Could not reliably determine the server's fully qualified domain name, using 172.19.0.3. Set the 'ServerName' directive globally to suppress this message
[Thu Nov 04 19:29:03.602969 2021] [dbd:error] [pid 20] (20014)Internal error (specific information not available): AH00629: Can't connect to mysql: Can't connect to MySQL server on 'db' (115)
[Thu Nov 04 19:29:03.603002 2021] [mpm_prefork:notice] [pid 1] AH00163: Apache/2.4.38 (Debian) PHP/7.2.34 configured -- resuming normal operations
[Thu Nov 04 19:29:03.602969 2021] [dbd:error] [pid 21] (20014)Internal error (specific information not available): AH00629: Can't connect to mysql: Can't connect to MySQL server on 'db' (115)
[Thu Nov 04 19:29:03.603977 2021] [dbd:error] [pid 24] (20014)Internal error (specific information not available): AH00629: Can't connect to mysql: Can't connect to MySQL server on 'db' (115)
[Thu Nov 04 19:29:03.607311 2021] [dbd:error] [pid 24] (20014)Internal error (specific information not available): AH00633: failed to initialise
[Thu Nov 04 19:29:03.604244 2021] [dbd:error] [pid 20] (20014)Internal error (specific information not available): AH00633: failed to initialise
[Thu Nov 04 19:29:03.605608 2021] [core:notice] [pid 1] AH00094: Command line: 'apache2 -D FOREGROUND'
[Thu Nov 04 19:29:03.606366 2021] [dbd:error] [pid 21] (20014)Internal error (specific information not available): AH00633: failed to initialise
[Thu Nov 04 19:29:03.609620 2021] [dbd:crit] [pid 21] (20014)Internal error (specific information not available): AH00636: child init failed!
[Thu Nov 04 19:29:03.607769 2021] [dbd:crit] [pid 24] (20014)Internal error (specific information not available): AH00636: child init failed!
[Thu Nov 04 19:29:03.608299 2021] [dbd:crit] [pid 20] (20014)Internal error (specific information not available): AH00636: child init failed!
[Thu Nov 04 19:32:17.089122 2021] [mpm_prefork:notice] [pid 1] AH00170: caught SIGWINCH, shutting down gracefully
AH00558: apache2: Could not reliably determine the server's fully qualified domain name, using 172.19.0.3. Set the 'ServerName' directive globally to suppress this message
[Thu Nov 04 19:32:43.328532 2021] [mpm_prefork:notice] [pid 1] AH00163: Apache/2.4.38 (Debian) PHP/7.2.34 configured -- resuming normal operations
[Thu Nov 04 19:32:43.330656 2021] [core:notice] [pid 1] AH00094: Command line: 'apache2 -D FOREGROUND'
[Thu Nov 04 19:32:43.328606 2021] [dbd:error] [pid 18] (20014)Internal error (specific information not available): AH00629: Can't connect to mysql: Can't connect to MySQL server on 'db' (115)
[Thu Nov 04 19:32:43.332025 2021] [dbd:error] [pid 18] (20014)Internal error (specific information not available): AH00633: failed to initialise
[Thu Nov 04 19:32:43.329556 2021] [dbd:error] [pid 21] (20014)Internal error (specific information not available): AH00629: Can't connect to mysql: Can't connect to MySQL server on 'db' (115)
[Thu Nov 04 19:32:43.333384 2021] [dbd:crit] [pid 18] (20014)Internal error (specific information not available): AH00636: child init failed!
[Thu Nov 04 19:32:43.334322 2021] [dbd:error] [pid 21] (20014)Internal error (specific information not available): AH00633: failed to initialise
[Thu Nov 04 19:32:43.335372 2021] [dbd:crit] [pid 21] (20014)Internal error (specific information not available): AH00636: child init failed!
[Thu Nov 04 20:22:30.711329 2021] [php7:error] [pid 18] [client 172.19.0.4:53858] script '/var/www/html/protected/crud/staff.php' not found or unable to stat
[Thu Nov 04 20:56:41.055720 2021] [php7:error] [pid 19] [client 172.19.0.4:54068] script '/var/www/html/protected/crud/update_user.php' not found or unable to stat, referer: http://localhost/protected/crud/change_employe_info.php?id=9
[Thu Nov 04 20:57:18.612486 2021] [php7:error] [pid 17] [client 172.19.0.4:54072] script '/var/www/html/protected/crud/update_user.php' not found or unable to stat, referer: http://localhost/protected/crud/change_employe_info.php?id=9
[Thu Nov 04 21:13:41.818714 2021] [php7:error] [pid 17] [client 172.19.0.4:54150] script '/var/www/html/protected/crud/crud.php' not found or unable to stat
[Fri Nov 05 11:32:07.581605 2021] [mpm_prefork:notice] [pid 1] AH00170: caught SIGWINCH, shutting down gracefully
AH00558: apache2: Could not reliably determine the server's fully qualified domain name, using 172.19.0.4. Set the 'ServerName' directive globally to suppress this message
[Fri Nov 05 11:32:14.498172 2021] [mpm_prefork:notice] [pid 1] AH00163: Apache/2.4.38 (Debian) PHP/7.2.34 configured -- resuming normal operations
[Fri Nov 05 11:32:14.499406 2021] [core:notice] [pid 1] AH00094: Command line: 'apache2 -D FOREGROUND'
[Fri Nov 05 11:32:14.499462 2021] [dbd:error] [pid 19] (20014)Internal error (specific information not available): AH00629: Can't connect to mysql: Can't connect to MySQL server on 'db' (115)
[Fri Nov 05 11:32:14.499675 2021] [dbd:error] [pid 20] (20014)Internal error (specific information not available): AH00629: Can't connect to mysql: Can't connect to MySQL server on 'db' (115)
[Fri Nov 05 11:32:14.503160 2021] [dbd:error] [pid 20] (20014)Internal error (specific information not available): AH00633: failed to initialise
[Fri Nov 05 11:32:14.501569 2021] [dbd:error] [pid 21] (20014)Internal error (specific information not available): AH00629: Can't connect to mysql: Can't connect to MySQL server on 'db' (115)
[Fri Nov 05 11:32:14.504847 2021] [dbd:error] [pid 21] (20014)Internal error (specific information not available): AH00633: failed to initialise
[Fri Nov 05 11:32:14.501898 2021] [dbd:error] [pid 19] (20014)Internal error (specific information not available): AH00633: failed to initialise
[Fri Nov 05 11:32:14.506869 2021] [dbd:crit] [pid 19] (20014)Internal error (specific information not available): AH00636: child init failed!
[Fri Nov 05 11:32:14.503979 2021] [dbd:crit] [pid 20] (20014)Internal error (specific information not available): AH00636: child init failed!
[Fri Nov 05 11:32:14.505982 2021] [dbd:crit] [pid 21] (20014)Internal error (specific information not available): AH00636: child init failed!
[Fri Nov 05 11:33:23.176598 2021] [mpm_prefork:notice] [pid 1] AH00170: caught SIGWINCH, shutting down gracefully
AH00558: apache2: Could not reliably determine the server's fully qualified domain name, using 172.23.0.4. Set the 'ServerName' directive globally to suppress this message
[Fri Nov 05 11:34:26.854534 2021] [mpm_prefork:notice] [pid 1] AH00163: Apache/2.4.38 (Debian) PHP/7.2.34 configured -- resuming normal operations
[Fri Nov 05 11:34:26.855608 2021] [dbd:error] [pid 20] (20014)Internal error (specific information not available): AH00629: Can't connect to mysql: Can't connect to MySQL server on 'db' (115)
[Fri Nov 05 11:34:26.854638 2021] [dbd:error] [pid 19] (20014)Internal error (specific information not available): AH00629: Can't connect to mysql: Can't connect to MySQL server on 'db' (115)
[Fri Nov 05 11:34:26.855627 2021] [core:notice] [pid 1] AH00094: Command line: 'apache2 -D FOREGROUND'
[Fri Nov 05 11:34:26.856404 2021] [dbd:error] [pid 20] (20014)Internal error (specific information not available): AH00633: failed to initialise
[Fri Nov 05 11:34:26.858649 2021] [dbd:crit] [pid 20] (20014)Internal error (specific information not available): AH00636: child init failed!
[Fri Nov 05 11:34:26.857466 2021] [dbd:error] [pid 19] (20014)Internal error (specific information not available): AH00633: failed to initialise
[Fri Nov 05 11:34:26.859923 2021] [dbd:crit] [pid 19] (20014)Internal error (specific information not available): AH00636: child init failed!
[Fri Nov 05 11:35:09.071685 2021] [mpm_prefork:notice] [pid 1] AH00170: caught SIGWINCH, shutting down gracefully
AH00558: apache2: Could not reliably determine the server's fully qualified domain name, using 172.24.0.4. Set the 'ServerName' directive globally to suppress this message
[Fri Nov 05 11:35:58.937161 2021] [mpm_prefork:notice] [pid 1] AH00163: Apache/2.4.38 (Debian) PHP/7.2.34 configured -- resuming normal operations
[Fri Nov 05 11:35:58.938060 2021] [core:notice] [pid 1] AH00094: Command line: 'apache2 -D FOREGROUND'
[Fri Nov 05 11:35:58.937268 2021] [dbd:error] [pid 19] (20014)Internal error (specific information not available): AH00629: Can't connect to mysql: Can't connect to MySQL server on 'db' (115)
[Fri Nov 05 11:35:58.939347 2021] [dbd:error] [pid 19] (20014)Internal error (specific information not available): AH00633: failed to initialise
[Fri Nov 05 11:35:58.937322 2021] [dbd:error] [pid 18] (20014)Internal error (specific information not available): AH00629: Can't connect to mysql: Can't connect to MySQL server on 'db' (115)
[Fri Nov 05 11:35:58.940095 2021] [dbd:crit] [pid 19] (20014)Internal error (specific information not available): AH00636: child init failed!
[Fri Nov 05 11:35:58.940925 2021] [dbd:error] [pid 18] (20014)Internal error (specific information not available): AH00633: failed to initialise
[Fri Nov 05 11:35:58.942018 2021] [dbd:crit] [pid 18] (20014)Internal error (specific information not available): AH00636: child init failed!
[Fri Nov 05 11:42:36.630749 2021] [mpm_prefork:notice] [pid 1] AH00170: caught SIGWINCH, shutting down gracefully
AH00558: apache2: Could not reliably determine the server's fully qualified domain name, using 172.24.0.4. Set the 'ServerName' directive globally to suppress this message
[Fri Nov 05 11:56:09.686404 2021] [mpm_prefork:notice] [pid 1] AH00163: Apache/2.4.38 (Debian) PHP/7.2.34 configured -- resuming normal operations
[Fri Nov 05 11:56:09.688209 2021] [core:notice] [pid 1] AH00094: Command line: 'apache2 -D FOREGROUND'
[Fri Nov 05 11:56:09.686516 2021] [dbd:error] [pid 17] (20014)Internal error (specific information not available): AH00629: Can't connect to mysql: Can't connect to MySQL server on 'db' (115)
[Fri Nov 05 11:56:09.688027 2021] [dbd:error] [pid 18] (20014)Internal error (specific information not available): AH00629: Can't connect to mysql: Can't connect to MySQL server on 'db' (115)
[Fri Nov 05 11:56:09.693440 2021] [dbd:error] [pid 18] (20014)Internal error (specific information not available): AH00633: failed to initialise
[Fri Nov 05 11:56:09.689116 2021] [dbd:error] [pid 21] (20014)Internal error (specific information not available): AH00629: Can't connect to mysql: Can't connect to MySQL server on 'db' (115)
[Fri Nov 05 11:56:09.689427 2021] [dbd:error] [pid 19] (20014)Internal error (specific information not available): AH00629: Can't connect to mysql: Can't connect to MySQL server on 'db' (115)
[Fri Nov 05 11:56:09.691758 2021] [dbd:error] [pid 17] (20014)Internal error (specific information not available): AH00633: failed to initialise
[Fri Nov 05 11:56:09.696846 2021] [dbd:crit] [pid 17] (20014)Internal error (specific information not available): AH00636: child init failed!
[Fri Nov 05 11:56:09.694631 2021] [dbd:crit] [pid 18] (20014)Internal error (specific information not available): AH00636: child init failed!
[Fri Nov 05 11:56:09.695399 2021] [dbd:error] [pid 21] (20014)Internal error (specific information not available): AH00633: failed to initialise
[Fri Nov 05 11:56:09.699227 2021] [dbd:crit] [pid 21] (20014)Internal error (specific information not available): AH00636: child init failed!
[Fri Nov 05 11:56:09.696049 2021] [dbd:error] [pid 19] (20014)Internal error (specific information not available): AH00633: failed to initialise
[Fri Nov 05 11:56:09.700065 2021] [dbd:crit] [pid 19] (20014)Internal error (specific information not available): AH00636: child init failed!
[Fri Nov 05 12:20:33.290625 2021] [mpm_prefork:notice] [pid 1] AH00170: caught SIGWINCH, shutting down gracefully
AH00558: apache2: Could not reliably determine the server's fully qualified domain name, using 172.24.0.3. Set the 'ServerName' directive globally to suppress this message
[Sat Nov 20 07:40:18.362166 2021] [mpm_prefork:notice] [pid 1] AH00163: Apache/2.4.38 (Debian) PHP/7.2.34 configured -- resuming normal operations
[Sat Nov 20 07:40:18.363015 2021] [core:notice] [pid 1] AH00094: Command line: 'apache2 -D FOREGROUND'
[Sat Nov 20 07:40:18.363280 2021] [dbd:error] [pid 20] (20014)Internal error (specific information not available): AH00629: Can't connect to mysql: Can't connect to MySQL server on 'db' (115)
[Sat Nov 20 07:40:18.363528 2021] [dbd:error] [pid 19] (20014)Internal error (specific information not available): AH00629: Can't connect to mysql: Can't connect to MySQL server on 'db' (115)
[Sat Nov 20 07:40:18.365209 2021] [dbd:error] [pid 19] (20014)Internal error (specific information not available): AH00633: failed to initialise
[Sat Nov 20 07:40:18.363908 2021] [dbd:error] [pid 21] (20014)Internal error (specific information not available): AH00629: Can't connect to mysql: Can't connect to MySQL server on 'db' (115)
[Sat Nov 20 07:40:18.367012 2021] [dbd:error] [pid 21] (20014)Internal error (specific information not available): AH00633: failed to initialise
[Sat Nov 20 07:40:18.364631 2021] [dbd:error] [pid 20] (20014)Internal error (specific information not available): AH00633: failed to initialise
[Sat Nov 20 07:40:18.365766 2021] [dbd:crit] [pid 19] (20014)Internal error (specific information not available): AH00636: child init failed!
[Sat Nov 20 07:40:18.367649 2021] [dbd:crit] [pid 21] (20014)Internal error (specific information not available): AH00636: child init failed!
[Sat Nov 20 07:40:18.371270 2021] [dbd:crit] [pid 20] (20014)Internal error (specific information not available): AH00636: child init failed!
[Sat Nov 20 07:41:02.298948 2021] [mpm_prefork:notice] [pid 1] AH00170: caught SIGWINCH, shutting down gracefully
AH00558: apache2: Could not reliably determine the server's fully qualified domain name, using 172.23.0.4. Set the 'ServerName' directive globally to suppress this message
[Sat Nov 20 07:42:02.912182 2021] [mpm_prefork:notice] [pid 1] AH00163: Apache/2.4.38 (Debian) PHP/7.2.34 configured -- resuming normal operations
[Sat Nov 20 07:42:02.913442 2021] [dbd:error] [pid 18] (20014)Internal error (specific information not available): AH00629: Can't connect to mysql: Can't connect to MySQL server on 'db' (115)
[Sat Nov 20 07:42:02.914975 2021] [dbd:error] [pid 18] (20014)Internal error (specific information not available): AH00633: failed to initialise
[Sat Nov 20 07:42:02.912870 2021] [dbd:error] [pid 20] (20014)Internal error (specific information not available): AH00629: Can't connect to mysql: Can't connect to MySQL server on 'db' (115)
[Sat Nov 20 07:42:02.913224 2021] [dbd:error] [pid 21] (20014)Internal error (specific information not available): AH00629: Can't connect to mysql: Can't connect to MySQL server on 'db' (115)
[Sat Nov 20 07:42:02.913757 2021] [core:notice] [pid 1] AH00094: Command line: 'apache2 -D FOREGROUND'
[Sat Nov 20 07:42:02.916214 2021] [dbd:crit] [pid 18] (20014)Internal error (specific information not available): AH00636: child init failed!
[Sat Nov 20 07:42:02.918796 2021] [dbd:error] [pid 20] (20014)Internal error (specific information not available): AH00633: failed to initialise
[Sat Nov 20 07:42:02.920057 2021] [dbd:error] [pid 21] (20014)Internal error (specific information not available): AH00633: failed to initialise
[Sat Nov 20 07:42:02.927810 2021] [dbd:crit] [pid 21] (20014)Internal error (specific information not available): AH00636: child init failed!
[Sat Nov 20 07:42:02.927336 2021] [dbd:crit] [pid 20] (20014)Internal error (specific information not available): AH00636: child init failed!
[Sat Nov 20 07:42:29.473689 2021] [php7:error] [pid 21] [client 172.23.0.5:46880] script '/var/www/html/protected/check.php' not found or unable to stat, referer: http://localhost/
[Sat Nov 20 07:55:09.559440 2021] [mpm_prefork:notice] [pid 1] AH00170: caught SIGWINCH, shutting down gracefully
AH00558: apache2: Could not reliably determine the server's fully qualified domain name, using 172.23.0.4. Set the 'ServerName' directive globally to suppress this message
[Sat Nov 20 07:55:17.164029 2021] [mpm_prefork:notice] [pid 1] AH00163: Apache/2.4.38 (Debian) PHP/7.2.34 configured -- resuming normal operations
[Sat Nov 20 07:55:17.165450 2021] [core:notice] [pid 1] AH00094: Command line: 'apache2 -D FOREGROUND'
[Sat Nov 20 07:55:17.169125 2021] [dbd:error] [pid 22] (20014)Internal error (specific information not available): AH00629: Can't connect to mysql: Can't connect to MySQL server on 'db' (115)
[Sat Nov 20 07:55:17.169187 2021] [dbd:error] [pid 20] (20014)Internal error (specific information not available): AH00629: Can't connect to mysql: Can't connect to MySQL server on 'db' (115)
[Sat Nov 20 07:55:17.171088 2021] [dbd:error] [pid 20] (20014)Internal error (specific information not available): AH00633: failed to initialise
[Sat Nov 20 07:55:17.169208 2021] [dbd:error] [pid 18] (20014)Internal error (specific information not available): AH00629: Can't connect to mysql: Can't connect to MySQL server on 'db' (115)
[Sat Nov 20 07:55:17.172609 2021] [dbd:error] [pid 18] (20014)Internal error (specific information not available): AH00633: failed to initialise
[Sat Nov 20 07:55:17.170080 2021] [dbd:error] [pid 22] (20014)Internal error (specific information not available): AH00633: failed to initialise
[Sat Nov 20 07:55:17.173981 2021] [dbd:crit] [pid 22] (20014)Internal error (specific information not available): AH00636: child init failed!
[Sat Nov 20 07:55:17.172028 2021] [dbd:crit] [pid 20] (20014)Internal error (specific information not available): AH00636: child init failed!
[Sat Nov 20 07:55:17.173602 2021] [dbd:crit] [pid 18] (20014)Internal error (specific information not available): AH00636: child init failed!
[Sat Nov 20 08:02:45.326056 2021] [mpm_prefork:notice] [pid 1] AH00170: caught SIGWINCH, shutting down gracefully
AH00558: apache2: Could not reliably determine the server's fully qualified domain name, using 172.23.0.4. Set the 'ServerName' directive globally to suppress this message
[Sat Nov 20 08:02:50.102610 2021] [dbd:error] [pid 18] (20014)Internal error (specific information not available): AH00629: Can't connect to mysql: Can't connect to MySQL server on 'db' (115)
[Sat Nov 20 08:02:50.102606 2021] [mpm_prefork:notice] [pid 1] AH00163: Apache/2.4.38 (Debian) PHP/7.2.34 configured -- resuming normal operations
[Sat Nov 20 08:02:50.104429 2021] [core:notice] [pid 1] AH00094: Command line: 'apache2 -D FOREGROUND'
[Sat Nov 20 08:02:50.103375 2021] [dbd:error] [pid 20] (20014)Internal error (specific information not available): AH00629: Can't connect to mysql: Can't connect to MySQL server on 'db' (115)
[Sat Nov 20 08:02:50.103684 2021] [dbd:error] [pid 18] (20014)Internal error (specific information not available): AH00633: failed to initialise
[Sat Nov 20 08:02:50.107278 2021] [dbd:crit] [pid 18] (20014)Internal error (specific information not available): AH00636: child init failed!
[Sat Nov 20 08:02:50.104281 2021] [dbd:error] [pid 19] (20014)Internal error (specific information not available): AH00629: Can't connect to mysql: Can't connect to MySQL server on 'db' (115)
[Sat Nov 20 08:02:50.106346 2021] [dbd:error] [pid 20] (20014)Internal error (specific information not available): AH00633: failed to initialise
[Sat Nov 20 08:02:50.110775 2021] [dbd:crit] [pid 20] (20014)Internal error (specific information not available): AH00636: child init failed!
[Sat Nov 20 08:02:50.107648 2021] [dbd:error] [pid 21] (20014)Internal error (specific information not available): AH00629: Can't connect to mysql: Can't connect to MySQL server on 'db' (115)
[Sat Nov 20 08:02:50.117513 2021] [dbd:error] [pid 21] (20014)Internal error (specific information not available): AH00633: failed to initialise
[Sat Nov 20 08:02:50.109158 2021] [dbd:error] [pid 19] (20014)Internal error (specific information not available): AH00633: failed to initialise
[Sat Nov 20 08:02:50.118145 2021] [dbd:crit] [pid 21] (20014)Internal error (specific information not available): AH00636: child init failed!
[Sat Nov 20 08:02:50.118862 2021] [dbd:crit] [pid 19] (20014)Internal error (specific information not available): AH00636: child init failed!
[Sat Nov 20 08:05:48.250825 2021] [mpm_prefork:notice] [pid 1] AH00170: caught SIGWINCH, shutting down gracefully
AH00558: apache2: Could not reliably determine the server's fully qualified domain name, using 172.23.0.4. Set the 'ServerName' directive globally to suppress this message
[Sat Nov 20 08:20:21.763173 2021] [dbd:error] [pid 18] (20014)Internal error (specific information not available): AH00629: Can't connect to mysql: Can't connect to MySQL server on 'db' (115)
[Sat Nov 20 08:20:21.766120 2021] [dbd:error] [pid 18] (20014)Internal error (specific information not available): AH00633: failed to initialise
[Sat Nov 20 08:20:21.763323 2021] [dbd:error] [pid 17] (20014)Internal error (specific information not available): AH00629: Can't connect to mysql: Can't connect to MySQL server on 'db' (115)
[Sat Nov 20 08:20:21.770692 2021] [dbd:error] [pid 17] (20014)Internal error (specific information not available): AH00633: failed to initialise
[Sat Nov 20 08:20:21.772214 2021] [dbd:crit] [pid 17] (20014)Internal error (specific information not available): AH00636: child init failed!
[Sat Nov 20 08:20:21.766651 2021] [mpm_prefork:notice] [pid 1] AH00163: Apache/2.4.38 (Debian) PHP/7.2.34 configured -- resuming normal operations
[Sat Nov 20 08:20:21.774397 2021] [core:notice] [pid 1] AH00094: Command line: 'apache2 -D FOREGROUND'
[Sat Nov 20 08:20:21.768922 2021] [dbd:crit] [pid 18] (20014)Internal error (specific information not available): AH00636: child init failed!
[Sat Nov 20 08:20:21.768956 2021] [dbd:error] [pid 21] (20014)Internal error (specific information not available): AH00629: Can't connect to mysql: Can't connect to MySQL server on 'db' (115)
[Sat Nov 20 08:20:21.779246 2021] [dbd:error] [pid 21] (20014)Internal error (specific information not available): AH00633: failed to initialise
[Sat Nov 20 08:20:21.769157 2021] [dbd:error] [pid 20] (20014)Internal error (specific information not available): AH00629: Can't connect to mysql: Can't connect to MySQL server on 'db' (115)
[Sat Nov 20 08:20:21.780718 2021] [dbd:crit] [pid 21] (20014)Internal error (specific information not available): AH00636: child init failed!
[Sat Nov 20 08:20:21.785156 2021] [dbd:error] [pid 20] (20014)Internal error (specific information not available): AH00633: failed to initialise
[Sat Nov 20 08:20:21.787430 2021] [dbd:crit] [pid 20] (20014)Internal error (specific information not available): AH00636: child init failed!
[Sat Nov 20 08:52:17.446402 2021] [mpm_prefork:notice] [pid 1] AH00170: caught SIGWINCH, shutting down gracefully
AH00558: apache2: Could not reliably determine the server's fully qualified domain name, using 172.23.0.4. Set the 'ServerName' directive globally to suppress this message
[Sat Nov 20 08:55:44.869406 2021] [mpm_prefork:notice] [pid 1] AH00163: Apache/2.4.38 (Debian) PHP/7.2.34 configured -- resuming normal operations
[Sat Nov 20 08:55:44.870982 2021] [core:notice] [pid 1] AH00094: Command line: 'apache2 -D FOREGROUND'
[Sat Nov 20 08:55:44.869655 2021] [dbd:error] [pid 17] (20014)Internal error (specific information not available): AH00629: Can't connect to mysql: Can't connect to MySQL server on 'db' (115)
[Sat Nov 20 08:55:44.873677 2021] [dbd:error] [pid 17] (20014)Internal error (specific information not available): AH00633: failed to initialise
[Sat Nov 20 08:55:44.869936 2021] [dbd:error] [pid 20] (20014)Internal error (specific information not available): AH00629: Can't connect to mysql: Can't connect to MySQL server on 'db' (115)
[Sat Nov 20 08:55:44.871351 2021] [dbd:error] [pid 21] (20014)Internal error (specific information not available): AH00629: Can't connect to mysql: Can't connect to MySQL server on 'db' (115)
[Sat Nov 20 08:55:44.875788 2021] [dbd:error] [pid 21] (20014)Internal error (specific information not available): AH00633: failed to initialise
[Sat Nov 20 08:55:44.873097 2021] [dbd:error] [pid 19] (20014)Internal error (specific information not available): AH00629: Can't connect to mysql: Can't connect to MySQL server on 'db' (115)
[Sat Nov 20 08:55:44.874549 2021] [dbd:crit] [pid 17] (20014)Internal error (specific information not available): AH00636: child init failed!
[Sat Nov 20 08:55:44.875086 2021] [dbd:error] [pid 20] (20014)Internal error (specific information not available): AH00633: failed to initialise
[Sat Nov 20 08:55:44.876160 2021] [dbd:crit] [pid 21] (20014)Internal error (specific information not available): AH00636: child init failed!
[Sat Nov 20 08:55:44.877395 2021] [dbd:error] [pid 19] (20014)Internal error (specific information not available): AH00633: failed to initialise
[Sat Nov 20 08:55:44.880083 2021] [dbd:crit] [pid 19] (20014)Internal error (specific information not available): AH00636: child init failed!
[Sat Nov 20 08:55:44.878749 2021] [dbd:crit] [pid 20] (20014)Internal error (specific information not available): AH00636: child init failed!
[Sat Nov 20 09:31:23.888670 2021] [mpm_prefork:notice] [pid 1] AH00170: caught SIGWINCH, shutting down gracefully
AH00558: apache2: Could not reliably determine the server's fully qualified domain name, using 172.23.0.4. Set the 'ServerName' directive globally to suppress this message
[Sat Nov 20 09:33:43.079008 2021] [mpm_prefork:notice] [pid 1] AH00163: Apache/2.4.38 (Debian) PHP/7.2.34 configured -- resuming normal operations
[Sat Nov 20 09:33:43.080186 2021] [core:notice] [pid 1] AH00094: Command line: 'apache2 -D FOREGROUND'
[Sat Nov 20 09:33:43.080807 2021] [dbd:error] [pid 19] (20014)Internal error (specific information not available): AH00629: Can't connect to mysql: Can't connect to MySQL server on 'db' (115)
[Sat Nov 20 09:33:43.080523 2021] [dbd:error] [pid 17] (20014)Internal error (specific information not available): AH00629: Can't connect to mysql: Can't connect to MySQL server on 'db' (115)
[Sat Nov 20 09:33:43.082030 2021] [dbd:error] [pid 20] (20014)Internal error (specific information not available): AH00629: Can't connect to mysql: Can't connect to MySQL server on 'db' (115)
[Sat Nov 20 09:33:43.081451 2021] [dbd:error] [pid 19] (20014)Internal error (specific information not available): AH00633: failed to initialise
[Sat Nov 20 09:33:43.083313 2021] [dbd:crit] [pid 19] (20014)Internal error (specific information not available): AH00636: child init failed!
[Sat Nov 20 09:33:43.082163 2021] [dbd:error] [pid 17] (20014)Internal error (specific information not available): AH00633: failed to initialise
[Sat Nov 20 09:33:43.085915 2021] [dbd:crit] [pid 17] (20014)Internal error (specific information not available): AH00636: child init failed!
[Sat Nov 20 09:33:43.082701 2021] [dbd:error] [pid 20] (20014)Internal error (specific information not available): AH00633: failed to initialise
[Sat Nov 20 09:33:43.087100 2021] [dbd:crit] [pid 20] (20014)Internal error (specific information not available): AH00636: child init failed!
[Sat Nov 20 10:10:38.834812 2021] [mpm_prefork:notice] [pid 1] AH00170: caught SIGWINCH, shutting down gracefully
AH00558: apache2: Could not reliably determine the server's fully qualified domain name, using 172.23.0.4. Set the 'ServerName' directive globally to suppress this message
[Sat Nov 20 11:07:27.392745 2021] [dbd:error] [pid 18] (20014)Internal error (specific information not available): AH00629: Can't connect to mysql: Can't connect to MySQL server on 'db' (115)
[Sat Nov 20 11:07:27.394294 2021] [dbd:error] [pid 18] (20014)Internal error (specific information not available): AH00633: failed to initialise
[Sat Nov 20 11:07:27.392759 2021] [dbd:error] [pid 17] (20014)Internal error (specific information not available): AH00629: Can't connect to mysql: Can't connect to MySQL server on 'db' (115)
[Sat Nov 20 11:07:27.392794 2021] [mpm_prefork:notice] [pid 1] AH00163: Apache/2.4.38 (Debian) PHP/7.2.34 configured -- resuming normal operations
[Sat Nov 20 11:07:27.396553 2021] [core:notice] [pid 1] AH00094: Command line: 'apache2 -D FOREGROUND'
[Sat Nov 20 11:07:27.394348 2021] [dbd:error] [pid 21] (20014)Internal error (specific information not available): AH00629: Can't connect to mysql: Can't connect to MySQL server on 'db' (115)
[Sat Nov 20 11:07:27.398325 2021] [dbd:error] [pid 21] (20014)Internal error (specific information not available): AH00633: failed to initialise
[Sat Nov 20 11:07:27.395061 2021] [dbd:crit] [pid 18] (20014)Internal error (specific information not available): AH00636: child init failed!
[Sat Nov 20 11:07:27.395937 2021] [dbd:error] [pid 17] (20014)Internal error (specific information not available): AH00633: failed to initialise
[Sat Nov 20 11:07:27.401719 2021] [dbd:crit] [pid 17] (20014)Internal error (specific information not available): AH00636: child init failed!
[Sat Nov 20 11:07:27.398999 2021] [dbd:crit] [pid 21] (20014)Internal error (specific information not available): AH00636: child init failed!
[Sat Nov 20 11:37:56.132674 2021] [mpm_prefork:notice] [pid 1] AH00170: caught SIGWINCH, shutting down gracefully
AH00558: apache2: Could not reliably determine the server's fully qualified domain name, using 172.23.0.4. Set the 'ServerName' directive globally to suppress this message
[Sat Nov 20 11:38:01.919187 2021] [mpm_prefork:notice] [pid 1] AH00163: Apache/2.4.38 (Debian) PHP/7.2.34 configured -- resuming normal operations
[Sat Nov 20 11:38:01.920286 2021] [core:notice] [pid 1] AH00094: Command line: 'apache2 -D FOREGROUND'
[Sat Nov 20 11:38:01.920908 2021] [dbd:error] [pid 22] (20014)Internal error (specific information not available): AH00629: Can't connect to mysql: Can't connect to MySQL server on 'db' (115)
[Sat Nov 20 11:38:01.922652 2021] [dbd:error] [pid 22] (20014)Internal error (specific information not available): AH00633: failed to initialise
[Sat Nov 20 11:38:01.921175 2021] [dbd:error] [pid 19] (20014)Internal error (specific information not available): AH00629: Can't connect to mysql: Can't connect to MySQL server on 'db' (115)
[Sat Nov 20 11:38:01.924178 2021] [dbd:crit] [pid 22] (20014)Internal error (specific information not available): AH00636: child init failed!
[Sat Nov 20 11:38:01.926942 2021] [dbd:error] [pid 19] (20014)Internal error (specific information not available): AH00633: failed to initialise
[Sat Nov 20 11:38:01.929647 2021] [dbd:crit] [pid 19] (20014)Internal error (specific information not available): AH00636: child init failed!
[Sat Nov 20 11:38:28.806892 2021] [mpm_prefork:notice] [pid 1] AH00170: caught SIGWINCH, shutting down gracefully
AH00558: apache2: Could not reliably determine the server's fully qualified domain name, using 172.23.0.4. Set the 'ServerName' directive globally to suppress this message
[Sat Nov 20 11:41:01.265012 2021] [mpm_prefork:notice] [pid 1] AH00163: Apache/2.4.38 (Debian) PHP/7.2.34 configured -- resuming normal operations
[Sat Nov 20 11:41:01.266393 2021] [core:notice] [pid 1] AH00094: Command line: 'apache2 -D FOREGROUND'
[Sat Nov 20 11:41:01.266143 2021] [dbd:error] [pid 18] (20014)Internal error (specific information not available): AH00629: Can't connect to mysql: Can't connect to MySQL server on 'db' (115)
[Sat Nov 20 11:41:01.270688 2021] [dbd:error] [pid 18] (20014)Internal error (specific information not available): AH00633: failed to initialise
[Sat Nov 20 11:41:01.269152 2021] [dbd:error] [pid 21] (20014)Internal error (specific information not available): AH00629: Can't connect to mysql: Can't connect to MySQL server on 'db' (115)
[Sat Nov 20 11:41:01.272892 2021] [dbd:crit] [pid 18] (20014)Internal error (specific information not available): AH00636: child init failed!
[Sat Nov 20 11:41:01.274105 2021] [dbd:error] [pid 20] (20014)Internal error (specific information not available): AH00629: Can't connect to mysql: Can't connect to MySQL server on 'db' (115)
[Sat Nov 20 11:41:01.281156 2021] [dbd:error] [pid 20] (20014)Internal error (specific information not available): AH00633: failed to initialise
[Sat Nov 20 11:41:01.277677 2021] [dbd:error] [pid 21] (20014)Internal error (specific information not available): AH00633: failed to initialise
[Sat Nov 20 11:41:01.283995 2021] [dbd:crit] [pid 21] (20014)Internal error (specific information not available): AH00636: child init failed!
[Sat Nov 20 11:41:01.282963 2021] [dbd:crit] [pid 20] (20014)Internal error (specific information not available): AH00636: child init failed!
[Sat Nov 20 15:34:51.413092 2021] [mpm_prefork:notice] [pid 1] AH00170: caught SIGWINCH, shutting down gracefully
